{
	"/Users/maheshkokare/PycharmProjects/orbital-tech-assignment/frontend/src/App.tsx": {
		"path": "/Users/maheshkokare/PycharmProjects/orbital-tech-assignment/frontend/src/App.tsx",
		"statementMap": {
			"0": {
				"start": { "line": 11, "column": 1 },
				"end": { "line": 17, "column": 3 }
			}
		},
		"fnMap": {
			"0": {
				"name": "App",
				"decl": {
					"start": { "line": 10, "column": 9 },
					"end": { "line": 10, "column": 12 }
				},
				"loc": {
					"start": { "line": 10, "column": 12 },
					"end": { "line": 18, "column": 1 }
				}
			}
		},
		"branchMap": {},
		"s": { "0": 0 },
		"f": { "0": 0 },
		"b": {}
	},
	"/Users/maheshkokare/PycharmProjects/orbital-tech-assignment/frontend/src/theme.ts": {
		"path": "/Users/maheshkokare/PycharmProjects/orbital-tech-assignment/frontend/src/theme.ts",
		"statementMap": {
			"0": {
				"start": { "line": 3, "column": 28 },
				"end": { "line": 6, "column": 2 }
			},
			"1": {
				"start": { "line": 8, "column": 14 },
				"end": { "line": 146, "column": 2 }
			}
		},
		"fnMap": {},
		"branchMap": {},
		"s": { "0": 4, "1": 4 },
		"f": {},
		"b": {}
	},
	"/Users/maheshkokare/PycharmProjects/orbital-tech-assignment/frontend/src/api/usage.ts": {
		"path": "/Users/maheshkokare/PycharmProjects/orbital-tech-assignment/frontend/src/api/usage.ts",
		"statementMap": {
			"0": {
				"start": { "line": 10, "column": 24 },
				"end": { "line": 10, "column": 42 }
			},
			"1": {
				"start": { "line": 16, "column": 18 },
				"end": { "line": 16, "column": 62 }
			},
			"2": {
				"start": { "line": 17, "column": 1 },
				"end": { "line": 17, "column": 22 }
			},
			"3": {
				"start": { "line": 25, "column": 1 },
				"end": { "line": 32, "column": 4 }
			},
			"4": {
				"start": { "line": 31, "column": 32 },
				"end": { "line": 31, "column": 73 }
			}
		},
		"fnMap": {
			"0": {
				"name": "fetchUsageData",
				"decl": {
					"start": { "line": 15, "column": 15 },
					"end": { "line": 15, "column": 29 }
				},
				"loc": {
					"start": { "line": 15, "column": 29 },
					"end": { "line": 18, "column": 1 }
				}
			},
			"1": {
				"name": "useUsageData",
				"decl": {
					"start": { "line": 24, "column": 16 },
					"end": { "line": 24, "column": 28 }
				},
				"loc": {
					"start": { "line": 24, "column": 28 },
					"end": { "line": 33, "column": 1 }
				}
			},
			"2": {
				"name": "(anonymous_2)",
				"decl": {
					"start": { "line": 31, "column": 14 },
					"end": { "line": 31, "column": 15 }
				},
				"loc": {
					"start": { "line": 31, "column": 32 },
					"end": { "line": 31, "column": 73 }
				}
			}
		},
		"branchMap": {},
		"s": { "0": 0, "1": 0, "2": 0, "3": 0, "4": 0 },
		"f": { "0": 0, "1": 0, "2": 0 },
		"b": {}
	},
	"/Users/maheshkokare/PycharmProjects/orbital-tech-assignment/frontend/src/components/Dashboard/Dashboard.tsx": {
		"path": "/Users/maheshkokare/PycharmProjects/orbital-tech-assignment/frontend/src/components/Dashboard/Dashboard.tsx",
		"statementMap": {
			"0": {
				"start": { "line": 37, "column": 54 },
				"end": { "line": 37, "column": 68 }
			},
			"1": {
				"start": { "line": 39, "column": 15 },
				"end": { "line": 39, "column": 26 }
			},
			"2": {
				"start": { "line": 42, "column": 19 },
				"end": { "line": 45, "column": 12 }
			},
			"3": {
				"start": { "line": 43, "column": 2 },
				"end": { "line": 43, "column": 24 }
			},
			"4": {
				"start": { "line": 43, "column": 14 },
				"end": { "line": 43, "column": 24 }
			},
			"5": {
				"start": { "line": 44, "column": 2 },
				"end": { "line": 44, "column": 37 }
			},
			"6": {
				"start": { "line": 48, "column": 15 },
				"end": { "line": 55, "column": 12 }
			},
			"7": {
				"start": { "line": 49, "column": 2 },
				"end": { "line": 49, "column": 60 }
			},
			"8": {
				"start": { "line": 49, "column": 14 },
				"end": { "line": 49, "column": 60 }
			},
			"9": {
				"start": { "line": 50, "column": 2 },
				"end": { "line": 54, "column": 4 }
			},
			"10": {
				"start": { "line": 53, "column": 36 },
				"end": { "line": 53, "column": 49 }
			},
			"11": {
				"start": { "line": 57, "column": 1 },
				"end": { "line": 59, "column": 2 }
			},
			"12": {
				"start": { "line": 58, "column": 2 },
				"end": { "line": 58, "column": 70 }
			},
			"13": {
				"start": { "line": 61, "column": 1 },
				"end": { "line": 71, "column": 2 }
			},
			"14": {
				"start": { "line": 62, "column": 2 },
				"end": { "line": 70, "column": 4 }
			},
			"15": {
				"start": { "line": 73, "column": 1 },
				"end": { "line": 309, "column": 3 }
			}
		},
		"fnMap": {
			"0": {
				"name": "Dashboard",
				"decl": {
					"start": { "line": 36, "column": 16 },
					"end": { "line": 36, "column": 25 }
				},
				"loc": {
					"start": { "line": 36, "column": 25 },
					"end": { "line": 310, "column": 1 }
				}
			},
			"1": {
				"name": "(anonymous_1)",
				"decl": {
					"start": { "line": 42, "column": 27 },
					"end": { "line": 42, "column": 30 }
				},
				"loc": {
					"start": { "line": 42, "column": 32 },
					"end": { "line": 45, "column": 2 }
				}
			},
			"2": {
				"name": "(anonymous_2)",
				"decl": {
					"start": { "line": 48, "column": 23 },
					"end": { "line": 48, "column": 26 }
				},
				"loc": {
					"start": { "line": 48, "column": 28 },
					"end": { "line": 55, "column": 2 }
				}
			},
			"3": {
				"name": "(anonymous_3)",
				"decl": {
					"start": { "line": 53, "column": 29 },
					"end": { "line": 53, "column": 30 }
				},
				"loc": {
					"start": { "line": 53, "column": 36 },
					"end": { "line": 53, "column": 49 }
				}
			}
		},
		"branchMap": {
			"0": {
				"loc": {
					"start": { "line": 43, "column": 2 },
					"end": { "line": 43, "column": 24 }
				},
				"type": "if",
				"locations": [
					{
						"start": { "line": 43, "column": 2 },
						"end": { "line": 43, "column": 24 }
					},
					{ "start": {}, "end": {} }
				]
			},
			"1": {
				"loc": {
					"start": { "line": 49, "column": 2 },
					"end": { "line": 49, "column": 60 }
				},
				"type": "if",
				"locations": [
					{
						"start": { "line": 49, "column": 2 },
						"end": { "line": 49, "column": 60 }
					},
					{ "start": {}, "end": {} }
				]
			},
			"2": {
				"loc": {
					"start": { "line": 57, "column": 1 },
					"end": { "line": 59, "column": 2 }
				},
				"type": "if",
				"locations": [
					{
						"start": { "line": 57, "column": 1 },
						"end": { "line": 59, "column": 2 }
					},
					{ "start": {}, "end": {} }
				]
			},
			"3": {
				"loc": {
					"start": { "line": 61, "column": 1 },
					"end": { "line": 71, "column": 2 }
				},
				"type": "if",
				"locations": [
					{
						"start": { "line": 61, "column": 1 },
						"end": { "line": 71, "column": 2 }
					},
					{ "start": {}, "end": {} }
				]
			},
			"4": {
				"loc": {
					"start": { "line": 66, "column": 5 },
					"end": { "line": 66, "column": 72 }
				},
				"type": "binary-expr",
				"locations": [
					{
						"start": { "line": 66, "column": 5 },
						"end": { "line": 66, "column": 19 }
					},
					{
						"start": { "line": 66, "column": 23 },
						"end": { "line": 66, "column": 72 }
					}
				]
			},
			"5": {
				"loc": {
					"start": { "line": 261, "column": 24 },
					"end": { "line": 261, "column": 41 }
				},
				"type": "binary-expr",
				"locations": [
					{
						"start": { "line": 261, "column": 24 },
						"end": { "line": 261, "column": 35 }
					},
					{
						"start": { "line": 261, "column": 39 },
						"end": { "line": 261, "column": 41 }
					}
				]
			}
		},
		"s": {
			"0": 0,
			"1": 0,
			"2": 0,
			"3": 0,
			"4": 0,
			"5": 0,
			"6": 0,
			"7": 0,
			"8": 0,
			"9": 0,
			"10": 0,
			"11": 0,
			"12": 0,
			"13": 0,
			"14": 0,
			"15": 0
		},
		"f": { "0": 0, "1": 0, "2": 0, "3": 0 },
		"b": {
			"0": [0, 0],
			"1": [0, 0],
			"2": [0, 0],
			"3": [0, 0],
			"4": [0, 0],
			"5": [0, 0]
		}
	},
	"/Users/maheshkokare/PycharmProjects/orbital-tech-assignment/frontend/src/components/UsageChart/UsageChart.tsx": {
		"path": "/Users/maheshkokare/PycharmProjects/orbital-tech-assignment/frontend/src/components/UsageChart/UsageChart.tsx",
		"statementMap": {
			"0": {
				"start": { "line": 31, "column": 12 },
				"end": { "line": 31, "column": 19 }
			},
			"1": {
				"start": { "line": 32, "column": 21 },
				"end": { "line": 32, "column": 31 }
			},
			"2": {
				"start": { "line": 34, "column": 1 },
				"end": { "line": 71, "column": 2 }
			},
			"3": {
				"start": { "line": 35, "column": 15 },
				"end": { "line": 35, "column": 33 }
			},
			"4": {
				"start": { "line": 36, "column": 2 },
				"end": { "line": 70, "column": 4 }
			},
			"5": {
				"start": { "line": 72, "column": 1 },
				"end": { "line": 72, "column": 13 }
			},
			"6": {
				"start": { "line": 76, "column": 1 },
				"end": { "line": 93, "column": 2 }
			},
			"7": {
				"start": { "line": 77, "column": 2 },
				"end": { "line": 92, "column": 4 }
			},
			"8": {
				"start": { "line": 95, "column": 1 },
				"end": { "line": 141, "column": 3 }
			},
			"9": {
				"start": { "line": 125, "column": 32 },
				"end": { "line": 125, "column": 42 }
			}
		},
		"fnMap": {
			"0": {
				"name": "CustomTooltip",
				"decl": {
					"start": { "line": 30, "column": 9 },
					"end": { "line": 30, "column": 22 }
				},
				"loc": {
					"start": { "line": 30, "column": 62 },
					"end": { "line": 73, "column": 1 }
				}
			},
			"1": {
				"name": "UsageChart",
				"decl": {
					"start": { "line": 75, "column": 16 },
					"end": { "line": 75, "column": 26 }
				},
				"loc": {
					"start": { "line": 75, "column": 52 },
					"end": { "line": 142, "column": 1 }
				}
			},
			"2": {
				"name": "(anonymous_2)",
				"decl": {
					"start": { "line": 125, "column": 21 },
					"end": { "line": 125, "column": 22 }
				},
				"loc": {
					"start": { "line": 125, "column": 32 },
					"end": { "line": 125, "column": 42 }
				}
			}
		},
		"branchMap": {
			"0": {
				"loc": {
					"start": { "line": 34, "column": 1 },
					"end": { "line": 71, "column": 2 }
				},
				"type": "if",
				"locations": [
					{
						"start": { "line": 34, "column": 1 },
						"end": { "line": 71, "column": 2 }
					},
					{ "start": {}, "end": {} }
				]
			},
			"1": {
				"loc": {
					"start": { "line": 34, "column": 5 },
					"end": { "line": 34, "column": 40 }
				},
				"type": "binary-expr",
				"locations": [
					{
						"start": { "line": 34, "column": 5 },
						"end": { "line": 34, "column": 11 }
					},
					{
						"start": { "line": 34, "column": 15 },
						"end": { "line": 34, "column": 22 }
					},
					{
						"start": { "line": 34, "column": 26 },
						"end": { "line": 34, "column": 40 }
					}
				]
			},
			"2": {
				"loc": {
					"start": { "line": 76, "column": 1 },
					"end": { "line": 93, "column": 2 }
				},
				"type": "if",
				"locations": [
					{
						"start": { "line": 76, "column": 1 },
						"end": { "line": 93, "column": 2 }
					},
					{ "start": {}, "end": {} }
				]
			}
		},
		"s": {
			"0": 0,
			"1": 0,
			"2": 0,
			"3": 0,
			"4": 0,
			"5": 0,
			"6": 0,
			"7": 0,
			"8": 0,
			"9": 0
		},
		"f": { "0": 0, "1": 0, "2": 0 },
		"b": { "0": [0, 0], "1": [0, 0, 0], "2": [0, 0] }
	},
	"/Users/maheshkokare/PycharmProjects/orbital-tech-assignment/frontend/src/components/UsageTable/SortIndicator.tsx": {
		"path": "/Users/maheshkokare/PycharmProjects/orbital-tech-assignment/frontend/src/components/UsageTable/SortIndicator.tsx",
		"statementMap": {
			"0": {
				"start": { "line": 16, "column": 1 },
				"end": { "line": 46, "column": 3 }
			}
		},
		"fnMap": {
			"0": {
				"name": "SortIndicator",
				"decl": {
					"start": { "line": 15, "column": 16 },
					"end": { "line": 15, "column": 29 }
				},
				"loc": {
					"start": { "line": 15, "column": 73 },
					"end": { "line": 47, "column": 1 }
				}
			}
		},
		"branchMap": {
			"0": {
				"loc": {
					"start": { "line": 24, "column": 4 },
					"end": { "line": 25, "column": null }
				},
				"type": "binary-expr",
				"locations": [
					{
						"start": { "line": 24, "column": 4 },
						"end": { "line": 24, "column": 23 }
					},
					{
						"start": { "line": 25, "column": 4 },
						"end": { "line": 25, "column": 60 }
					}
				]
			},
			"1": {
				"loc": {
					"start": { "line": 27, "column": 4 },
					"end": { "line": 28, "column": null }
				},
				"type": "binary-expr",
				"locations": [
					{
						"start": { "line": 27, "column": 4 },
						"end": { "line": 27, "column": 24 }
					},
					{
						"start": { "line": 28, "column": 4 },
						"end": { "line": 28, "column": 62 }
					}
				]
			},
			"2": {
				"loc": {
					"start": { "line": 30, "column": 4 },
					"end": { "line": 31, "column": null }
				},
				"type": "binary-expr",
				"locations": [
					{
						"start": { "line": 30, "column": 4 },
						"end": { "line": 30, "column": 22 }
					},
					{
						"start": { "line": 31, "column": 4 },
						"end": { "line": 31, "column": 57 }
					}
				]
			},
			"3": {
				"loc": {
					"start": { "line": 33, "column": 4 },
					"end": { "line": 43, "column": null }
				},
				"type": "binary-expr",
				"locations": [
					{
						"start": { "line": 33, "column": 4 },
						"end": { "line": 33, "column": 21 }
					},
					{
						"start": { "line": 33, "column": 25 },
						"end": { "line": 33, "column": 47 }
					},
					{
						"start": { "line": 34, "column": 4 },
						"end": { "line": 42, "column": null }
					}
				]
			}
		},
		"s": { "0": 29 },
		"f": { "0": 29 },
		"b": { "0": [29, 4], "1": [29, 2], "2": [29, 23], "3": [29, 6, 3] }
	},
	"/Users/maheshkokare/PycharmProjects/orbital-tech-assignment/frontend/src/components/UsageTable/UsageTable.tsx": {
		"path": "/Users/maheshkokare/PycharmProjects/orbital-tech-assignment/frontend/src/components/UsageTable/UsageTable.tsx",
		"statementMap": {
			"0": {
				"start": { "line": 32, "column": 2 },
				"end": { "line": 32, "column": 19 }
			},
			"1": {
				"start": { "line": 35, "column": 27 },
				"end": { "line": 37, "column": 3 }
			},
			"2": {
				"start": { "line": 36, "column": 2 },
				"end": { "line": 36, "column": 66 }
			},
			"3": {
				"start": { "line": 36, "column": 41 },
				"end": { "line": 36, "column": 63 }
			},
			"4": {
				"start": { "line": 40, "column": 1 },
				"end": { "line": 54, "column": 29 }
			},
			"5": {
				"start": { "line": 42, "column": 21 },
				"end": { "line": 42, "column": 55 }
			},
			"6": {
				"start": { "line": 43, "column": 18 },
				"end": { "line": 43, "column": 53 }
			},
			"7": {
				"start": { "line": 43, "column": 37 },
				"end": { "line": 43, "column": 52 }
			},
			"8": {
				"start": { "line": 45, "column": 3 },
				"end": { "line": 46, "column": 52 }
			},
			"9": {
				"start": { "line": 46, "column": 32 },
				"end": { "line": 46, "column": 51 }
			},
			"10": {
				"start": { "line": 48, "column": 2 },
				"end": { "line": 53, "column": 3 }
			},
			"11": {
				"start": { "line": 49, "column": 3 },
				"end": { "line": 49, "column": 27 }
			},
			"12": {
				"start": { "line": 50, "column": 3 },
				"end": { "line": 52, "column": 6 }
			},
			"13": {
				"start": { "line": 51, "column": 4 },
				"end": { "line": 51, "column": 46 }
			},
			"14": {
				"start": { "line": 57, "column": 20 },
				"end": { "line": 59, "column": 39 }
			},
			"15": {
				"start": { "line": 58, "column": 2 },
				"end": { "line": 58, "column": 57 }
			},
			"16": {
				"start": { "line": 61, "column": 27 },
				"end": { "line": 63, "column": 2 }
			},
			"17": {
				"start": { "line": 62, "column": 2 },
				"end": { "line": 62, "column": 21 }
			},
			"18": {
				"start": { "line": 65, "column": 30 },
				"end": { "line": 89, "column": 2 }
			},
			"19": {
				"start": { "line": 66, "column": 20 },
				"end": { "line": 66, "column": 40 }
			},
			"20": {
				"start": { "line": 67, "column": 19 },
				"end": { "line": 67, "column": 42 }
			},
			"21": {
				"start": { "line": 69, "column": 2 },
				"end": { "line": 88, "column": 4 }
			},
			"22": {
				"start": { "line": 73, "column": 19 },
				"end": { "line": 73, "column": 44 }
			},
			"23": {
				"start": { "line": 91, "column": 1 },
				"end": { "line": 97, "column": 2 }
			},
			"24": {
				"start": { "line": 92, "column": 2 },
				"end": { "line": 96, "column": 4 }
			},
			"25": {
				"start": { "line": 99, "column": 1 },
				"end": { "line": 192, "column": 3 }
			},
			"26": {
				"start": { "line": 120, "column": 7 },
				"end": { "line": 120, "column": null }
			}
		},
		"fnMap": {
			"0": {
				"name": "UsageTable",
				"decl": {
					"start": { "line": 30, "column": 16 },
					"end": { "line": 30, "column": 26 }
				},
				"loc": {
					"start": { "line": 30, "column": 52 },
					"end": { "line": 193, "column": 1 }
				}
			},
			"1": {
				"name": "(anonymous_1)",
				"decl": {
					"start": { "line": 35, "column": 57 },
					"end": { "line": 35, "column": 60 }
				},
				"loc": {
					"start": { "line": 35, "column": 62 },
					"end": { "line": 37, "column": 2 }
				}
			},
			"2": {
				"name": "(anonymous_2)",
				"decl": {
					"start": { "line": 36, "column": 26 },
					"end": { "line": 36, "column": 27 }
				},
				"loc": {
					"start": { "line": 36, "column": 41 },
					"end": { "line": 36, "column": 63 }
				}
			},
			"3": {
				"name": "(anonymous_3)",
				"decl": {
					"start": { "line": 40, "column": 11 },
					"end": { "line": 40, "column": 14 }
				},
				"loc": {
					"start": { "line": 40, "column": 16 },
					"end": { "line": 54, "column": 2 }
				}
			},
			"4": {
				"name": "(anonymous_4)",
				"decl": {
					"start": { "line": 43, "column": 27 },
					"end": { "line": 43, "column": 28 }
				},
				"loc": {
					"start": { "line": 43, "column": 37 },
					"end": { "line": 43, "column": 52 }
				}
			},
			"5": {
				"name": "(anonymous_5)",
				"decl": {
					"start": { "line": 46, "column": 19 },
					"end": { "line": 46, "column": 20 }
				},
				"loc": {
					"start": { "line": 46, "column": 32 },
					"end": { "line": 46, "column": 51 }
				}
			},
			"6": {
				"name": "(anonymous_6)",
				"decl": {
					"start": { "line": 50, "column": 16 },
					"end": { "line": 50, "column": 17 }
				},
				"loc": {
					"start": { "line": 50, "column": 30 },
					"end": { "line": 52, "column": 4 }
				}
			},
			"7": {
				"name": "(anonymous_7)",
				"decl": {
					"start": { "line": 57, "column": 28 },
					"end": { "line": 57, "column": 31 }
				},
				"loc": {
					"start": { "line": 57, "column": 33 },
					"end": { "line": 59, "column": 2 }
				}
			},
			"8": {
				"name": "(anonymous_8)",
				"decl": {
					"start": { "line": 61, "column": 27 },
					"end": { "line": 61, "column": 28 }
				},
				"loc": {
					"start": { "line": 61, "column": 54 },
					"end": { "line": 63, "column": 2 }
				}
			},
			"9": {
				"name": "(anonymous_9)",
				"decl": {
					"start": { "line": 65, "column": 30 },
					"end": { "line": 65, "column": 31 }
				},
				"loc": {
					"start": { "line": 65, "column": 72 },
					"end": { "line": 89, "column": 2 }
				}
			},
			"10": {
				"name": "(anonymous_10)",
				"decl": {
					"start": { "line": 73, "column": 13 },
					"end": { "line": 73, "column": 16 }
				},
				"loc": {
					"start": { "line": 73, "column": 19 },
					"end": { "line": 73, "column": 44 }
				}
			},
			"11": {
				"name": "(anonymous_11)",
				"decl": {
					"start": { "line": 119, "column": 22 },
					"end": { "line": 119, "column": 23 }
				},
				"loc": {
					"start": { "line": 120, "column": 7 },
					"end": { "line": 120, "column": null }
				}
			}
		},
		"branchMap": {
			"0": {
				"loc": {
					"start": { "line": 45, "column": 3 },
					"end": { "line": 46, "column": 52 }
				},
				"type": "binary-expr",
				"locations": [
					{
						"start": { "line": 45, "column": 3 },
						"end": { "line": 45, "column": 39 }
					},
					{
						"start": { "line": 46, "column": 3 },
						"end": { "line": 46, "column": 52 }
					}
				]
			},
			"1": {
				"loc": {
					"start": { "line": 48, "column": 2 },
					"end": { "line": 53, "column": 3 }
				},
				"type": "if",
				"locations": [
					{
						"start": { "line": 48, "column": 2 },
						"end": { "line": 53, "column": 3 }
					},
					{ "start": {}, "end": {} }
				]
			},
			"2": {
				"loc": {
					"start": { "line": 76, "column": 5 },
					"end": { "line": 80, "column": 16 }
				},
				"type": "cond-expr",
				"locations": [
					{
						"start": { "line": 77, "column": 8 },
						"end": { "line": 77, "column": 19 }
					},
					{
						"start": { "line": 78, "column": 8 },
						"end": { "line": 80, "column": 16 }
					}
				]
			},
			"3": {
				"loc": {
					"start": { "line": 78, "column": 8 },
					"end": { "line": 80, "column": 16 }
				},
				"type": "cond-expr",
				"locations": [
					{
						"start": { "line": 79, "column": 10 },
						"end": { "line": 79, "column": 22 }
					},
					{
						"start": { "line": 80, "column": 10 },
						"end": { "line": 80, "column": 16 }
					}
				]
			},
			"4": {
				"loc": {
					"start": { "line": 91, "column": 1 },
					"end": { "line": 97, "column": 2 }
				},
				"type": "if",
				"locations": [
					{
						"start": { "line": 91, "column": 1 },
						"end": { "line": 97, "column": 2 }
					},
					{ "start": {}, "end": {} }
				]
			},
			"5": {
				"loc": {
					"start": { "line": 141, "column": 10 },
					"end": { "line": 156, "column": null }
				},
				"type": "cond-expr",
				"locations": [
					{
						"start": { "line": 142, "column": 10 },
						"end": { "line": 151, "column": null }
					},
					{
						"start": { "line": 154, "column": 10 },
						"end": { "line": 154, "column": null }
					}
				]
			},
			"6": {
				"loc": {
					"start": { "line": 163, "column": 18 },
					"end": { "line": 163, "column": 66 }
				},
				"type": "cond-expr",
				"locations": [
					{
						"start": { "line": 163, "column": 42 },
						"end": { "line": 163, "column": 53 }
					},
					{
						"start": { "line": 163, "column": 56 },
						"end": { "line": 163, "column": 66 }
					}
				]
			}
		},
		"s": {
			"0": 13,
			"1": 13,
			"2": 10,
			"3": 27,
			"4": 13,
			"5": 10,
			"6": 10,
			"7": 27,
			"8": 10,
			"9": 27,
			"10": 10,
			"11": 0,
			"12": 0,
			"13": 0,
			"14": 13,
			"15": 13,
			"16": 13,
			"17": 3,
			"18": 13,
			"19": 24,
			"20": 24,
			"21": 24,
			"22": 3,
			"23": 13,
			"24": 1,
			"25": 12,
			"26": 36
		},
		"f": {
			"0": 13,
			"1": 10,
			"2": 27,
			"3": 10,
			"4": 27,
			"5": 27,
			"6": 0,
			"7": 13,
			"8": 3,
			"9": 24,
			"10": 3,
			"11": 36
		},
		"b": {
			"0": [10, 10],
			"1": [0, 10],
			"2": [1, 23],
			"3": [1, 22],
			"4": [1, 12],
			"5": [24, 12],
			"6": [36, 0]
		}
	},
	"/Users/maheshkokare/PycharmProjects/orbital-tech-assignment/frontend/src/components/ui/ErrorMessage.tsx": {
		"path": "/Users/maheshkokare/PycharmProjects/orbital-tech-assignment/frontend/src/components/ui/ErrorMessage.tsx",
		"statementMap": {
			"0": {
				"start": { "line": 27, "column": 1 },
				"end": { "line": 63, "column": 3 }
			}
		},
		"fnMap": {
			"0": {
				"name": "ErrorMessage",
				"decl": {
					"start": { "line": 22, "column": 16 },
					"end": { "line": 22, "column": 28 }
				},
				"loc": {
					"start": { "line": 26, "column": 20 },
					"end": { "line": 64, "column": 1 }
				}
			}
		},
		"branchMap": {
			"0": {
				"loc": {
					"start": { "line": 23, "column": 1 },
					"end": { "line": 23, "column": 31 }
				},
				"type": "default-arg",
				"locations": [
					{
						"start": { "line": 23, "column": 9 },
						"end": { "line": 23, "column": 31 }
					}
				]
			},
			"1": {
				"loc": {
					"start": { "line": 49, "column": 5 },
					"end": { "line": 59, "column": null }
				},
				"type": "binary-expr",
				"locations": [
					{
						"start": { "line": 49, "column": 5 },
						"end": { "line": 49, "column": 12 }
					},
					{
						"start": { "line": 50, "column": 5 },
						"end": { "line": 56, "column": null }
					}
				]
			}
		},
		"s": { "0": 6 },
		"f": { "0": 6 },
		"b": { "0": [5], "1": [6, 2] }
	},
	"/Users/maheshkokare/PycharmProjects/orbital-tech-assignment/frontend/src/components/ui/LoadingSpinner.tsx": {
		"path": "/Users/maheshkokare/PycharmProjects/orbital-tech-assignment/frontend/src/components/ui/LoadingSpinner.tsx",
		"statementMap": {
			"0": {
				"start": { "line": 17, "column": 1 },
				"end": { "line": 34, "column": 3 }
			}
		},
		"fnMap": {
			"0": {
				"name": "LoadingSpinner",
				"decl": {
					"start": { "line": 13, "column": 16 },
					"end": { "line": 13, "column": 30 }
				},
				"loc": {
					"start": { "line": 16, "column": 22 },
					"end": { "line": 35, "column": 1 }
				}
			}
		},
		"branchMap": {
			"0": {
				"loc": {
					"start": { "line": 14, "column": 1 },
					"end": { "line": 14, "column": 12 }
				},
				"type": "default-arg",
				"locations": [
					{
						"start": { "line": 14, "column": 8 },
						"end": { "line": 14, "column": 12 }
					}
				]
			},
			"1": {
				"loc": {
					"start": { "line": 15, "column": 1 },
					"end": { "line": 15, "column": 23 }
				},
				"type": "default-arg",
				"locations": [
					{
						"start": { "line": 15, "column": 11 },
						"end": { "line": 15, "column": 23 }
					}
				]
			},
			"2": {
				"loc": {
					"start": { "line": 27, "column": 5 },
					"end": { "line": 30, "column": null }
				},
				"type": "binary-expr",
				"locations": [
					{
						"start": { "line": 27, "column": 5 },
						"end": { "line": 27, "column": 12 }
					},
					{
						"start": { "line": 28, "column": 5 },
						"end": { "line": 29, "column": null }
					}
				]
			}
		},
		"s": { "0": 4 },
		"f": { "0": 4 },
		"b": { "0": [4], "1": [2], "2": [4, 4] }
	},
	"/Users/maheshkokare/PycharmProjects/orbital-tech-assignment/frontend/src/hooks/useUrlSortState.ts": {
		"path": "/Users/maheshkokare/PycharmProjects/orbital-tech-assignment/frontend/src/hooks/useUrlSortState.ts",
		"statementMap": {
			"0": {
				"start": { "line": 14, "column": 1 },
				"end": { "line": 14, "column": 60 }
			},
			"1": {
				"start": { "line": 21, "column": 1 },
				"end": { "line": 21, "column": 44 }
			},
			"2": {
				"start": { "line": 31, "column": 41 },
				"end": { "line": 31, "column": 58 }
			},
			"3": {
				"start": { "line": 34, "column": 32 },
				"end": { "line": 48, "column": 19 }
			},
			"4": {
				"start": { "line": 35, "column": 20 },
				"end": { "line": 35, "column": 44 }
			},
			"5": {
				"start": { "line": 36, "column": 2 },
				"end": { "line": 36, "column": 28 }
			},
			"6": {
				"start": { "line": 36, "column": 18 },
				"end": { "line": 36, "column": 28 }
			},
			"7": {
				"start": { "line": 38, "column": 2 },
				"end": { "line": 47, "column": 58 }
			},
			"8": {
				"start": { "line": 41, "column": 32 },
				"end": { "line": 41, "column": 48 }
			},
			"9": {
				"start": { "line": 42, "column": 4 },
				"end": { "line": 44, "column": 5 }
			},
			"10": {
				"start": { "line": 43, "column": 5 },
				"end": { "line": 43, "column": 47 }
			},
			"11": {
				"start": { "line": 45, "column": 4 },
				"end": { "line": 45, "column": 16 }
			},
			"12": {
				"start": { "line": 47, "column": 42 },
				"end": { "line": 47, "column": 56 }
			},
			"13": {
				"start": { "line": 51, "column": 22 },
				"end": { "line": 56, "column": null }
			},
			"14": {
				"start": { "line": 53, "column": 17 },
				"end": { "line": 53, "column": 59 }
			},
			"15": {
				"start": { "line": 53, "column": 39 },
				"end": { "line": 53, "column": 58 }
			},
			"16": {
				"start": { "line": 54, "column": 3 },
				"end": { "line": 54, "column": 35 }
			},
			"17": {
				"start": { "line": 60, "column": 25 },
				"end": { "line": 65, "column": null }
			},
			"18": {
				"start": { "line": 62, "column": 17 },
				"end": { "line": 62, "column": 64 }
			},
			"19": {
				"start": { "line": 62, "column": 44 },
				"end": { "line": 62, "column": 63 }
			},
			"20": {
				"start": { "line": 63, "column": 3 },
				"end": { "line": 63, "column": 40 }
			},
			"21": {
				"start": { "line": 69, "column": 20 },
				"end": { "line": 103, "column": null }
			},
			"22": {
				"start": { "line": 71, "column": 3 },
				"end": { "line": 101, "column": 6 }
			},
			"23": {
				"start": { "line": 72, "column": 19 },
				"end": { "line": 72, "column": 44 }
			},
			"24": {
				"start": { "line": 73, "column": 25 },
				"end": { "line": 73, "column": 67 }
			},
			"25": {
				"start": { "line": 73, "column": 47 },
				"end": { "line": 73, "column": 66 }
			},
			"26": {
				"start": { "line": 77, "column": 4 },
				"end": { "line": 88, "column": 5 }
			},
			"27": {
				"start": { "line": 79, "column": 5 },
				"end": { "line": 79, "column": 65 }
			},
			"28": {
				"start": { "line": 80, "column": 11 },
				"end": { "line": 88, "column": 5 }
			},
			"29": {
				"start": { "line": 82, "column": 5 },
				"end": { "line": 84, "column": 7 }
			},
			"30": {
				"start": { "line": 83, "column": 6 },
				"end": { "line": 83, "column": 68 }
			},
			"31": {
				"start": { "line": 87, "column": 5 },
				"end": { "line": 87, "column": 65 }
			},
			"32": {
				"start": { "line": 87, "column": 44 },
				"end": { "line": 87, "column": 63 }
			},
			"33": {
				"start": { "line": 91, "column": 4 },
				"end": { "line": 98, "column": 5 }
			},
			"34": {
				"start": { "line": 92, "column": 5 },
				"end": { "line": 92, "column": 27 }
			},
			"35": {
				"start": { "line": 94, "column": 5 },
				"end": { "line": 97, "column": 7 }
			},
			"36": {
				"start": { "line": 96, "column": 30 },
				"end": { "line": 96, "column": 58 }
			},
			"37": {
				"start": { "line": 100, "column": 4 },
				"end": { "line": 100, "column": 18 }
			},
			"38": {
				"start": { "line": 106, "column": 1 },
				"end": { "line": 106, "column": 65 }
			}
		},
		"fnMap": {
			"0": {
				"name": "isValidColumn",
				"decl": {
					"start": { "line": 13, "column": 9 },
					"end": { "line": 13, "column": 22 }
				},
				"loc": {
					"start": { "line": 13, "column": 36 },
					"end": { "line": 15, "column": 1 }
				}
			},
			"1": {
				"name": "isValidDirection",
				"decl": {
					"start": { "line": 20, "column": 9 },
					"end": { "line": 20, "column": 25 }
				},
				"loc": {
					"start": { "line": 20, "column": 39 },
					"end": { "line": 22, "column": 1 }
				}
			},
			"2": {
				"name": "useUrlSortState",
				"decl": {
					"start": { "line": 30, "column": 16 },
					"end": { "line": 30, "column": 31 }
				},
				"loc": {
					"start": { "line": 30, "column": 31 },
					"end": { "line": 107, "column": 1 }
				}
			},
			"3": {
				"name": "(anonymous_3)",
				"decl": {
					"start": { "line": 34, "column": 40 },
					"end": { "line": 34, "column": 43 }
				},
				"loc": {
					"start": { "line": 34, "column": 45 },
					"end": { "line": 48, "column": 2 }
				}
			},
			"4": {
				"name": "(anonymous_4)",
				"decl": {
					"start": { "line": 40, "column": 8 },
					"end": { "line": 40, "column": 9 }
				},
				"loc": {
					"start": { "line": 40, "column": 18 },
					"end": { "line": 46, "column": 4 }
				}
			},
			"5": {
				"name": "(anonymous_5)",
				"decl": {
					"start": { "line": 47, "column": 11 },
					"end": { "line": 47, "column": 12 }
				},
				"loc": {
					"start": { "line": 47, "column": 42 },
					"end": { "line": 47, "column": 56 }
				}
			},
			"6": {
				"name": "(anonymous_6)",
				"decl": {
					"start": { "line": 52, "column": 2 },
					"end": { "line": 52, "column": 3 }
				},
				"loc": {
					"start": { "line": 52, "column": 44 },
					"end": { "line": 55, "column": 3 }
				}
			},
			"7": {
				"name": "(anonymous_7)",
				"decl": {
					"start": { "line": 53, "column": 32 },
					"end": { "line": 53, "column": 33 }
				},
				"loc": {
					"start": { "line": 53, "column": 39 },
					"end": { "line": 53, "column": 58 }
				}
			},
			"8": {
				"name": "(anonymous_8)",
				"decl": {
					"start": { "line": 61, "column": 2 },
					"end": { "line": 61, "column": 3 }
				},
				"loc": {
					"start": { "line": 61, "column": 44 },
					"end": { "line": 64, "column": 3 }
				}
			},
			"9": {
				"name": "(anonymous_9)",
				"decl": {
					"start": { "line": 62, "column": 37 },
					"end": { "line": 62, "column": 38 }
				},
				"loc": {
					"start": { "line": 62, "column": 44 },
					"end": { "line": 62, "column": 63 }
				}
			},
			"10": {
				"name": "(anonymous_10)",
				"decl": {
					"start": { "line": 70, "column": 2 },
					"end": { "line": 70, "column": 3 }
				},
				"loc": {
					"start": { "line": 70, "column": 29 },
					"end": { "line": 102, "column": 3 }
				}
			},
			"11": {
				"name": "(anonymous_11)",
				"decl": {
					"start": { "line": 71, "column": 19 },
					"end": { "line": 71, "column": 20 }
				},
				"loc": {
					"start": { "line": 71, "column": 28 },
					"end": { "line": 101, "column": 4 }
				}
			},
			"12": {
				"name": "(anonymous_12)",
				"decl": {
					"start": { "line": 73, "column": 40 },
					"end": { "line": 73, "column": 41 }
				},
				"loc": {
					"start": { "line": 73, "column": 47 },
					"end": { "line": 73, "column": 66 }
				}
			},
			"13": {
				"name": "(anonymous_13)",
				"decl": {
					"start": { "line": 82, "column": 34 },
					"end": { "line": 82, "column": 35 }
				},
				"loc": {
					"start": { "line": 83, "column": 6 },
					"end": { "line": 83, "column": 68 }
				}
			},
			"14": {
				"name": "(anonymous_14)",
				"decl": {
					"start": { "line": 87, "column": 37 },
					"end": { "line": 87, "column": 38 }
				},
				"loc": {
					"start": { "line": 87, "column": 44 },
					"end": { "line": 87, "column": 63 }
				}
			},
			"15": {
				"name": "(anonymous_15)",
				"decl": {
					"start": { "line": 96, "column": 23 },
					"end": { "line": 96, "column": 24 }
				},
				"loc": {
					"start": { "line": 96, "column": 30 },
					"end": { "line": 96, "column": 58 }
				}
			}
		},
		"branchMap": {
			"0": {
				"loc": {
					"start": { "line": 14, "column": 8 },
					"end": { "line": 14, "column": 59 }
				},
				"type": "binary-expr",
				"locations": [
					{
						"start": { "line": 14, "column": 8 },
						"end": { "line": 14, "column": 31 }
					},
					{
						"start": { "line": 14, "column": 35 },
						"end": { "line": 14, "column": 59 }
					}
				]
			},
			"1": {
				"loc": {
					"start": { "line": 21, "column": 8 },
					"end": { "line": 21, "column": 43 }
				},
				"type": "binary-expr",
				"locations": [
					{
						"start": { "line": 21, "column": 8 },
						"end": { "line": 21, "column": 23 }
					},
					{
						"start": { "line": 21, "column": 27 },
						"end": { "line": 21, "column": 43 }
					}
				]
			},
			"2": {
				"loc": {
					"start": { "line": 36, "column": 2 },
					"end": { "line": 36, "column": 28 }
				},
				"type": "if",
				"locations": [
					{
						"start": { "line": 36, "column": 2 },
						"end": { "line": 36, "column": 28 }
					},
					{ "start": {}, "end": {} }
				]
			},
			"3": {
				"loc": {
					"start": { "line": 42, "column": 4 },
					"end": { "line": 44, "column": 5 }
				},
				"type": "if",
				"locations": [
					{
						"start": { "line": 42, "column": 4 },
						"end": { "line": 44, "column": 5 }
					},
					{ "start": {}, "end": {} }
				]
			},
			"4": {
				"loc": {
					"start": { "line": 42, "column": 8 },
					"end": { "line": 42, "column": 60 }
				},
				"type": "binary-expr",
				"locations": [
					{
						"start": { "line": 42, "column": 8 },
						"end": { "line": 42, "column": 29 }
					},
					{
						"start": { "line": 42, "column": 33 },
						"end": { "line": 42, "column": 60 }
					}
				]
			},
			"5": {
				"loc": {
					"start": { "line": 54, "column": 10 },
					"end": { "line": 54, "column": 34 }
				},
				"type": "binary-expr",
				"locations": [
					{
						"start": { "line": 54, "column": 10 },
						"end": { "line": 54, "column": 26 }
					},
					{
						"start": { "line": 54, "column": 30 },
						"end": { "line": 54, "column": 34 }
					}
				]
			},
			"6": {
				"loc": {
					"start": { "line": 63, "column": 10 },
					"end": { "line": 63, "column": 39 }
				},
				"type": "cond-expr",
				"locations": [
					{
						"start": { "line": 63, "column": 23 },
						"end": { "line": 63, "column": 32 }
					},
					{
						"start": { "line": 63, "column": 35 },
						"end": { "line": 63, "column": 39 }
					}
				]
			},
			"7": {
				"loc": {
					"start": { "line": 77, "column": 4 },
					"end": { "line": 88, "column": 5 }
				},
				"type": "if",
				"locations": [
					{
						"start": { "line": 77, "column": 4 },
						"end": { "line": 88, "column": 5 }
					},
					{
						"start": { "line": 80, "column": 11 },
						"end": { "line": 88, "column": 5 }
					}
				]
			},
			"8": {
				"loc": {
					"start": { "line": 80, "column": 11 },
					"end": { "line": 88, "column": 5 }
				},
				"type": "if",
				"locations": [
					{
						"start": { "line": 80, "column": 11 },
						"end": { "line": 88, "column": 5 }
					},
					{
						"start": { "line": 85, "column": 11 },
						"end": { "line": 88, "column": 5 }
					}
				]
			},
			"9": {
				"loc": {
					"start": { "line": 83, "column": 6 },
					"end": { "line": 83, "column": 68 }
				},
				"type": "cond-expr",
				"locations": [
					{
						"start": { "line": 83, "column": 28 },
						"end": { "line": 83, "column": 64 }
					},
					{
						"start": { "line": 83, "column": 67 },
						"end": { "line": 83, "column": 68 }
					}
				]
			},
			"10": {
				"loc": {
					"start": { "line": 91, "column": 4 },
					"end": { "line": 98, "column": 5 }
				},
				"type": "if",
				"locations": [
					{
						"start": { "line": 91, "column": 4 },
						"end": { "line": 98, "column": 5 }
					},
					{
						"start": { "line": 93, "column": 11 },
						"end": { "line": 98, "column": 5 }
					}
				]
			}
		},
		"s": {
			"0": 2,
			"1": 2,
			"2": 13,
			"3": 13,
			"4": 13,
			"5": 13,
			"6": 11,
			"7": 2,
			"8": 2,
			"9": 2,
			"10": 2,
			"11": 0,
			"12": 2,
			"13": 13,
			"14": 24,
			"15": 4,
			"16": 24,
			"17": 13,
			"18": 24,
			"19": 4,
			"20": 24,
			"21": 13,
			"22": 3,
			"23": 3,
			"24": 3,
			"25": 2,
			"26": 3,
			"27": 1,
			"28": 2,
			"29": 1,
			"30": 1,
			"31": 1,
			"32": 1,
			"33": 3,
			"34": 1,
			"35": 2,
			"36": 2,
			"37": 3,
			"38": 13
		},
		"f": {
			"0": 2,
			"1": 2,
			"2": 13,
			"3": 13,
			"4": 2,
			"5": 2,
			"6": 24,
			"7": 4,
			"8": 24,
			"9": 4,
			"10": 3,
			"11": 3,
			"12": 2,
			"13": 1,
			"14": 1,
			"15": 2
		},
		"b": {
			"0": [2, 2],
			"1": [2, 1],
			"2": [11, 2],
			"3": [2, 0],
			"4": [2, 2],
			"5": [24, 22],
			"6": [2, 22],
			"7": [1, 2],
			"8": [1, 1],
			"9": [1, 0],
			"10": [1, 2]
		}
	},
	"/Users/maheshkokare/PycharmProjects/orbital-tech-assignment/frontend/src/utils/chartDataTransform.ts": {
		"path": "/Users/maheshkokare/PycharmProjects/orbital-tech-assignment/frontend/src/utils/chartDataTransform.ts",
		"statementMap": {
			"0": {
				"start": { "line": 21, "column": 1 },
				"end": { "line": 21, "column": 35 }
			},
			"1": {
				"start": { "line": 21, "column": 25 },
				"end": { "line": 21, "column": 35 }
			},
			"2": {
				"start": { "line": 24, "column": 23 },
				"end": { "line": 24, "column": 48 }
			},
			"3": {
				"start": { "line": 26, "column": 1 },
				"end": { "line": 32, "column": 4 }
			},
			"4": {
				"start": { "line": 27, "column": 18 },
				"end": { "line": 27, "column": 48 }
			},
			"5": {
				"start": { "line": 28, "column": 2 },
				"end": { "line": 31, "column": 4 }
			},
			"6": {
				"start": { "line": 35, "column": 15 },
				"end": { "line": 35, "column": 54 }
			},
			"7": {
				"start": { "line": 36, "column": 19 },
				"end": { "line": 36, "column": 52 }
			},
			"8": {
				"start": { "line": 37, "column": 17 },
				"end": { "line": 37, "column": 65 }
			},
			"9": {
				"start": { "line": 40, "column": 34 },
				"end": { "line": 40, "column": 36 }
			},
			"10": {
				"start": { "line": 41, "column": 17 },
				"end": { "line": 41, "column": 36 }
			},
			"11": {
				"start": { "line": 43, "column": 1 },
				"end": { "line": 53, "column": 2 }
			},
			"12": {
				"start": { "line": 44, "column": 18 },
				"end": { "line": 44, "column": 53 }
			},
			"13": {
				"start": { "line": 46, "column": 2 },
				"end": { "line": 50, "column": 5 }
			},
			"14": {
				"start": { "line": 52, "column": 2 },
				"end": { "line": 52, "column": 47 }
			},
			"15": {
				"start": { "line": 55, "column": 1 },
				"end": { "line": 55, "column": 15 }
			},
			"16": {
				"start": { "line": 62, "column": 1 },
				"end": { "line": 65, "column": 3 }
			},
			"17": {
				"start": { "line": 63, "column": 41 },
				"end": { "line": 63, "column": 64 }
			}
		},
		"fnMap": {
			"0": {
				"name": "transformToChartData",
				"decl": {
					"start": { "line": 20, "column": 16 },
					"end": { "line": 20, "column": 36 }
				},
				"loc": {
					"start": { "line": 20, "column": 55 },
					"end": { "line": 56, "column": 1 }
				}
			},
			"1": {
				"name": "(anonymous_1)",
				"decl": {
					"start": { "line": 26, "column": 15 },
					"end": { "line": 26, "column": 16 }
				},
				"loc": {
					"start": { "line": 26, "column": 24 },
					"end": { "line": 32, "column": 2 }
				}
			},
			"2": {
				"name": "calculateTotalCredits",
				"decl": {
					"start": { "line": 61, "column": 16 },
					"end": { "line": 61, "column": 37 }
				},
				"loc": {
					"start": { "line": 61, "column": 56 },
					"end": { "line": 66, "column": 1 }
				}
			},
			"3": {
				"name": "(anonymous_3)",
				"decl": {
					"start": { "line": 63, "column": 26 },
					"end": { "line": 63, "column": 27 }
				},
				"loc": {
					"start": { "line": 63, "column": 41 },
					"end": { "line": 63, "column": 64 }
				}
			}
		},
		"branchMap": {
			"0": {
				"loc": {
					"start": { "line": 21, "column": 1 },
					"end": { "line": 21, "column": 35 }
				},
				"type": "if",
				"locations": [
					{
						"start": { "line": 21, "column": 1 },
						"end": { "line": 21, "column": 35 }
					},
					{ "start": {}, "end": {} }
				]
			},
			"1": {
				"loc": {
					"start": { "line": 30, "column": 4 },
					"end": { "line": 30, "column": 35 }
				},
				"type": "binary-expr",
				"locations": [
					{
						"start": { "line": 30, "column": 4 },
						"end": { "line": 30, "column": 30 }
					},
					{
						"start": { "line": 30, "column": 34 },
						"end": { "line": 30, "column": 35 }
					}
				]
			},
			"2": {
				"loc": {
					"start": { "line": 49, "column": 24 },
					"end": { "line": 49, "column": 55 }
				},
				"type": "binary-expr",
				"locations": [
					{
						"start": { "line": 49, "column": 24 },
						"end": { "line": 49, "column": 50 }
					},
					{
						"start": { "line": 49, "column": 54 },
						"end": { "line": 49, "column": 55 }
					}
				]
			}
		},
		"s": {
			"0": 6,
			"1": 1,
			"2": 5,
			"3": 5,
			"4": 12,
			"5": 12,
			"6": 5,
			"7": 5,
			"8": 5,
			"9": 5,
			"10": 5,
			"11": 5,
			"12": 8,
			"13": 8,
			"14": 8,
			"15": 5,
			"16": 4,
			"17": 7
		},
		"f": { "0": 6, "1": 12, "2": 4, "3": 7 },
		"b": { "0": [1, 5], "1": [12, 7], "2": [8, 1] }
	},
	"/Users/maheshkokare/PycharmProjects/orbital-tech-assignment/frontend/src/utils/dateFormatters.ts": {
		"path": "/Users/maheshkokare/PycharmProjects/orbital-tech-assignment/frontend/src/utils/dateFormatters.ts",
		"statementMap": {
			"0": {
				"start": { "line": 11, "column": 14 },
				"end": { "line": 11, "column": 27 }
			},
			"1": {
				"start": { "line": 13, "column": 13 },
				"end": { "line": 13, "column": 58 }
			},
			"2": {
				"start": { "line": 14, "column": 15 },
				"end": { "line": 14, "column": 67 }
			},
			"3": {
				"start": { "line": 15, "column": 14 },
				"end": { "line": 15, "column": 35 }
			},
			"4": {
				"start": { "line": 16, "column": 15 },
				"end": { "line": 16, "column": 61 }
			},
			"5": {
				"start": { "line": 17, "column": 17 },
				"end": { "line": 17, "column": 65 }
			},
			"6": {
				"start": { "line": 19, "column": 1 },
				"end": { "line": 19, "column": 54 }
			},
			"7": {
				"start": { "line": 26, "column": 1 },
				"end": { "line": 26, "column": 26 }
			},
			"8": {
				"start": { "line": 33, "column": 24 },
				"end": { "line": 33, "column": 42 }
			},
			"9": {
				"start": { "line": 34, "column": 1 },
				"end": { "line": 34, "column": 26 }
			},
			"10": {
				"start": { "line": 41, "column": 28 },
				"end": { "line": 41, "column": 46 }
			},
			"11": {
				"start": { "line": 42, "column": 1 },
				"end": { "line": 42, "column": 34 }
			}
		},
		"fnMap": {
			"0": {
				"name": "formatTimestamp",
				"decl": {
					"start": { "line": 10, "column": 16 },
					"end": { "line": 10, "column": 31 }
				},
				"loc": {
					"start": { "line": 10, "column": 43 },
					"end": { "line": 20, "column": 1 }
				}
			},
			"1": {
				"name": "extractUTCDate",
				"decl": {
					"start": { "line": 25, "column": 16 },
					"end": { "line": 25, "column": 30 }
				},
				"loc": {
					"start": { "line": 25, "column": 42 },
					"end": { "line": 27, "column": 1 }
				}
			},
			"2": {
				"name": "formatChartDate",
				"decl": {
					"start": { "line": 32, "column": 16 },
					"end": { "line": 32, "column": 31 }
				},
				"loc": {
					"start": { "line": 32, "column": 47 },
					"end": { "line": 35, "column": 1 }
				}
			},
			"3": {
				"name": "formatChartTooltipDate",
				"decl": {
					"start": { "line": 40, "column": 16 },
					"end": { "line": 40, "column": 38 }
				},
				"loc": {
					"start": { "line": 40, "column": 54 },
					"end": { "line": 43, "column": 1 }
				}
			}
		},
		"branchMap": {},
		"s": {
			"0": 41,
			"1": 41,
			"2": 41,
			"3": 41,
			"4": 41,
			"5": 41,
			"6": 41,
			"7": 15,
			"8": 11,
			"9": 11,
			"10": 11,
			"11": 11
		},
		"f": { "0": 41, "1": 15, "2": 11, "3": 11 },
		"b": {}
	},
	"/Users/maheshkokare/PycharmProjects/orbital-tech-assignment/frontend/src/utils/sortUtils.ts": {
		"path": "/Users/maheshkokare/PycharmProjects/orbital-tech-assignment/frontend/src/utils/sortUtils.ts",
		"statementMap": {
			"0": {
				"start": { "line": 22, "column": 1 },
				"end": { "line": 28, "column": 2 }
			},
			"1": {
				"start": { "line": 23, "column": 2 },
				"end": { "line": 27, "column": 4 }
			},
			"2": {
				"start": { "line": 25, "column": 4 },
				"end": { "line": 26, "column": 44 }
			},
			"3": {
				"start": { "line": 30, "column": 1 },
				"end": { "line": 74, "column": 4 }
			},
			"4": {
				"start": { "line": 32, "column": 2 },
				"end": { "line": 67, "column": 3 }
			},
			"5": {
				"start": { "line": 33, "column": 20 },
				"end": { "line": 33, "column": 21 }
			},
			"6": {
				"start": { "line": 34, "column": 18 },
				"end": { "line": 34, "column": 23 }
			},
			"7": {
				"start": { "line": 36, "column": 3 },
				"end": { "line": 56, "column": 4 }
			},
			"8": {
				"start": { "line": 38, "column": 18 },
				"end": { "line": 38, "column": 37 }
			},
			"9": {
				"start": { "line": 39, "column": 18 },
				"end": { "line": 39, "column": 37 }
			},
			"10": {
				"start": { "line": 40, "column": 19 },
				"end": { "line": 40, "column": 31 }
			},
			"11": {
				"start": { "line": 41, "column": 19 },
				"end": { "line": 41, "column": 31 }
			},
			"12": {
				"start": { "line": 43, "column": 4 },
				"end": { "line": 53, "column": 5 }
			},
			"13": {
				"start": { "line": 44, "column": 5 },
				"end": { "line": 44, "column": 20 }
			},
			"14": {
				"start": { "line": 45, "column": 11 },
				"end": { "line": 53, "column": 5 }
			},
			"15": {
				"start": { "line": 46, "column": 5 },
				"end": { "line": 46, "column": 20 }
			},
			"16": {
				"start": { "line": 47, "column": 5 },
				"end": { "line": 47, "column": 21 }
			},
			"17": {
				"start": { "line": 48, "column": 11 },
				"end": { "line": 53, "column": 5 }
			},
			"18": {
				"start": { "line": 49, "column": 5 },
				"end": { "line": 49, "column": 21 }
			},
			"19": {
				"start": { "line": 50, "column": 5 },
				"end": { "line": 50, "column": 21 }
			},
			"20": {
				"start": { "line": 52, "column": 5 },
				"end": { "line": 52, "column": 45 }
			},
			"21": {
				"start": { "line": 54, "column": 10 },
				"end": { "line": 56, "column": 4 }
			},
			"22": {
				"start": { "line": 55, "column": 4 },
				"end": { "line": 55, "column": 49 }
			},
			"23": {
				"start": { "line": 59, "column": 3 },
				"end": { "line": 65, "column": 4 }
			},
			"24": {
				"start": { "line": 60, "column": 4 },
				"end": { "line": 63, "column": 5 }
			},
			"25": {
				"start": { "line": 62, "column": 5 },
				"end": { "line": 62, "column": 23 }
			},
			"26": {
				"start": { "line": 64, "column": 4 },
				"end": { "line": 64, "column": 58 }
			},
			"27": {
				"start": { "line": 70, "column": 2 },
				"end": { "line": 73, "column": 4 }
			}
		},
		"fnMap": {
			"0": {
				"name": "sortUsageData",
				"decl": {
					"start": { "line": 16, "column": 16 },
					"end": { "line": 16, "column": 29 }
				},
				"loc": {
					"start": { "line": 19, "column": 37 },
					"end": { "line": 75, "column": 1 }
				}
			},
			"1": {
				"name": "(anonymous_1)",
				"decl": {
					"start": { "line": 24, "column": 3 },
					"end": { "line": 24, "column": 4 }
				},
				"loc": {
					"start": { "line": 25, "column": 4 },
					"end": { "line": 26, "column": 44 }
				}
			},
			"2": {
				"name": "(anonymous_2)",
				"decl": {
					"start": { "line": 30, "column": 23 },
					"end": { "line": 30, "column": 24 }
				},
				"loc": {
					"start": { "line": 30, "column": 32 },
					"end": { "line": 74, "column": 2 }
				}
			}
		},
		"branchMap": {
			"0": {
				"loc": {
					"start": { "line": 22, "column": 1 },
					"end": { "line": 28, "column": 2 }
				},
				"type": "if",
				"locations": [
					{
						"start": { "line": 22, "column": 1 },
						"end": { "line": 28, "column": 2 }
					},
					{ "start": {}, "end": {} }
				]
			},
			"1": {
				"loc": {
					"start": { "line": 25, "column": 5 },
					"end": { "line": 25, "column": 43 }
				},
				"type": "binary-expr",
				"locations": [
					{
						"start": { "line": 25, "column": 5 },
						"end": { "line": 25, "column": 38 }
					},
					{
						"start": { "line": 25, "column": 42 },
						"end": { "line": 25, "column": 43 }
					}
				]
			},
			"2": {
				"loc": {
					"start": { "line": 26, "column": 5 },
					"end": { "line": 26, "column": 43 }
				},
				"type": "binary-expr",
				"locations": [
					{
						"start": { "line": 26, "column": 5 },
						"end": { "line": 26, "column": 38 }
					},
					{
						"start": { "line": 26, "column": 42 },
						"end": { "line": 26, "column": 43 }
					}
				]
			},
			"3": {
				"loc": {
					"start": { "line": 36, "column": 3 },
					"end": { "line": 56, "column": 4 }
				},
				"type": "if",
				"locations": [
					{
						"start": { "line": 36, "column": 3 },
						"end": { "line": 56, "column": 4 }
					},
					{
						"start": { "line": 54, "column": 10 },
						"end": { "line": 56, "column": 4 }
					}
				]
			},
			"4": {
				"loc": {
					"start": { "line": 38, "column": 18 },
					"end": { "line": 38, "column": 37 }
				},
				"type": "binary-expr",
				"locations": [
					{
						"start": { "line": 38, "column": 18 },
						"end": { "line": 38, "column": 31 }
					},
					{
						"start": { "line": 38, "column": 35 },
						"end": { "line": 38, "column": 37 }
					}
				]
			},
			"5": {
				"loc": {
					"start": { "line": 39, "column": 18 },
					"end": { "line": 39, "column": 37 }
				},
				"type": "binary-expr",
				"locations": [
					{
						"start": { "line": 39, "column": 18 },
						"end": { "line": 39, "column": 31 }
					},
					{
						"start": { "line": 39, "column": 35 },
						"end": { "line": 39, "column": 37 }
					}
				]
			},
			"6": {
				"loc": {
					"start": { "line": 43, "column": 4 },
					"end": { "line": 53, "column": 5 }
				},
				"type": "if",
				"locations": [
					{
						"start": { "line": 43, "column": 4 },
						"end": { "line": 53, "column": 5 }
					},
					{
						"start": { "line": 45, "column": 11 },
						"end": { "line": 53, "column": 5 }
					}
				]
			},
			"7": {
				"loc": {
					"start": { "line": 43, "column": 8 },
					"end": { "line": 43, "column": 24 }
				},
				"type": "binary-expr",
				"locations": [
					{
						"start": { "line": 43, "column": 8 },
						"end": { "line": 43, "column": 14 }
					},
					{
						"start": { "line": 43, "column": 18 },
						"end": { "line": 43, "column": 24 }
					}
				]
			},
			"8": {
				"loc": {
					"start": { "line": 45, "column": 11 },
					"end": { "line": 53, "column": 5 }
				},
				"type": "if",
				"locations": [
					{
						"start": { "line": 45, "column": 11 },
						"end": { "line": 53, "column": 5 }
					},
					{
						"start": { "line": 48, "column": 11 },
						"end": { "line": 53, "column": 5 }
					}
				]
			},
			"9": {
				"loc": {
					"start": { "line": 48, "column": 11 },
					"end": { "line": 53, "column": 5 }
				},
				"type": "if",
				"locations": [
					{
						"start": { "line": 48, "column": 11 },
						"end": { "line": 53, "column": 5 }
					},
					{
						"start": { "line": 51, "column": 11 },
						"end": { "line": 53, "column": 5 }
					}
				]
			},
			"10": {
				"loc": {
					"start": { "line": 54, "column": 10 },
					"end": { "line": 56, "column": 4 }
				},
				"type": "if",
				"locations": [
					{
						"start": { "line": 54, "column": 10 },
						"end": { "line": 56, "column": 4 }
					},
					{ "start": {}, "end": {} }
				]
			},
			"11": {
				"loc": {
					"start": { "line": 59, "column": 3 },
					"end": { "line": 65, "column": 4 }
				},
				"type": "if",
				"locations": [
					{
						"start": { "line": 59, "column": 3 },
						"end": { "line": 65, "column": 4 }
					},
					{ "start": {}, "end": {} }
				]
			},
			"12": {
				"loc": {
					"start": { "line": 60, "column": 4 },
					"end": { "line": 63, "column": 5 }
				},
				"type": "if",
				"locations": [
					{
						"start": { "line": 60, "column": 4 },
						"end": { "line": 63, "column": 5 }
					},
					{ "start": {}, "end": {} }
				]
			},
			"13": {
				"loc": {
					"start": { "line": 64, "column": 11 },
					"end": { "line": 64, "column": 57 }
				},
				"type": "cond-expr",
				"locations": [
					{
						"start": { "line": 64, "column": 33 },
						"end": { "line": 64, "column": 43 }
					},
					{
						"start": { "line": 64, "column": 46 },
						"end": { "line": 64, "column": 57 }
					}
				]
			},
			"14": {
				"loc": {
					"start": { "line": 71, "column": 4 },
					"end": { "line": 71, "column": 42 }
				},
				"type": "binary-expr",
				"locations": [
					{
						"start": { "line": 71, "column": 4 },
						"end": { "line": 71, "column": 37 }
					},
					{
						"start": { "line": 71, "column": 41 },
						"end": { "line": 71, "column": 42 }
					}
				]
			},
			"15": {
				"loc": {
					"start": { "line": 72, "column": 4 },
					"end": { "line": 72, "column": 42 }
				},
				"type": "binary-expr",
				"locations": [
					{
						"start": { "line": 72, "column": 4 },
						"end": { "line": 72, "column": 37 }
					},
					{
						"start": { "line": 72, "column": 41 },
						"end": { "line": 72, "column": 42 }
					}
				]
			}
		},
		"s": {
			"0": 21,
			"1": 12,
			"2": 24,
			"3": 9,
			"4": 49,
			"5": 53,
			"6": 53,
			"7": 53,
			"8": 21,
			"9": 21,
			"10": 21,
			"11": 21,
			"12": 21,
			"13": 2,
			"14": 19,
			"15": 5,
			"16": 5,
			"17": 14,
			"18": 2,
			"19": 2,
			"20": 12,
			"21": 32,
			"22": 32,
			"23": 53,
			"24": 45,
			"25": 7,
			"26": 38,
			"27": 4
		},
		"f": { "0": 21, "1": 24, "2": 49 },
		"b": {
			"0": [12, 9],
			"1": [24, 0],
			"2": [24, 0],
			"3": [21, 32],
			"4": [21, 7],
			"5": [21, 4],
			"6": [2, 19],
			"7": [21, 7],
			"8": [5, 14],
			"9": [2, 12],
			"10": [32, 0],
			"11": [45, 8],
			"12": [7, 38],
			"13": [23, 15],
			"14": [4, 0],
			"15": [4, 0]
		}
	}
}
