TN:
SF:src/App.tsx
FN:10,App
FNF:1
FNH:0
FNDA:0,App
DA:11,0
LF:1
LH:0
BRF:0
BRH:0
end_of_record
TN:
SF:src/theme.ts
FNF:0
FNH:0
DA:3,4
DA:8,4
LF:2
LH:2
BRF:0
BRH:0
end_of_record
TN:
SF:src/api/usage.ts
FN:15,fetchUsageData
FN:24,useUsageData
FN:31,(anonymous_2)
FNF:3
FNH:0
FNDA:0,fetchUsageData
FNDA:0,useUsageData
FNDA:0,(anonymous_2)
DA:10,0
DA:16,0
DA:17,0
DA:25,0
DA:31,0
LF:5
LH:0
BRF:0
BRH:0
end_of_record
TN:
SF:src/components/Dashboard/Dashboard.tsx
FN:36,Dashboard
FN:42,(anonymous_1)
FN:48,(anonymous_2)
FN:53,(anonymous_3)
FNF:4
FNH:0
FNDA:0,Dashboard
FNDA:0,(anonymous_1)
FNDA:0,(anonymous_2)
FNDA:0,(anonymous_3)
DA:37,0
DA:39,0
DA:42,0
DA:43,0
DA:44,0
DA:48,0
DA:49,0
DA:50,0
DA:53,0
DA:57,0
DA:58,0
DA:61,0
DA:62,0
DA:73,0
LF:14
LH:0
BRDA:43,0,0,0
BRDA:43,0,1,0
BRDA:49,1,0,0
BRDA:49,1,1,0
BRDA:57,2,0,0
BRDA:57,2,1,0
BRDA:61,3,0,0
BRDA:61,3,1,0
BRDA:66,4,0,0
BRDA:66,4,1,0
BRDA:261,5,0,0
BRDA:261,5,1,0
BRF:12
BRH:0
end_of_record
TN:
SF:src/components/UsageChart/UsageChart.tsx
FN:30,CustomTooltip
FN:75,UsageChart
FN:125,(anonymous_2)
FNF:3
FNH:0
FNDA:0,CustomTooltip
FNDA:0,UsageChart
FNDA:0,(anonymous_2)
DA:31,0
DA:32,0
DA:34,0
DA:35,0
DA:36,0
DA:72,0
DA:76,0
DA:77,0
DA:95,0
DA:125,0
LF:10
LH:0
BRDA:34,0,0,0
BRDA:34,0,1,0
BRDA:34,1,0,0
BRDA:34,1,1,0
BRDA:34,1,2,0
BRDA:76,2,0,0
BRDA:76,2,1,0
BRF:7
BRH:0
end_of_record
TN:
SF:src/components/UsageTable/SortIndicator.tsx
FN:15,SortIndicator
FNF:1
FNH:1
FNDA:29,SortIndicator
DA:16,29
LF:1
LH:1
BRDA:24,0,0,29
BRDA:24,0,1,4
BRDA:27,1,0,29
BRDA:27,1,1,2
BRDA:30,2,0,29
BRDA:30,2,1,23
BRDA:33,3,0,29
BRDA:33,3,1,6
BRDA:33,3,2,3
BRF:9
BRH:9
end_of_record
TN:
SF:src/components/UsageTable/UsageTable.tsx
FN:30,UsageTable
FN:35,(anonymous_1)
FN:36,(anonymous_2)
FN:40,(anonymous_3)
FN:43,(anonymous_4)
FN:46,(anonymous_5)
FN:50,(anonymous_6)
FN:57,(anonymous_7)
FN:61,(anonymous_8)
FN:65,(anonymous_9)
FN:73,(anonymous_10)
FN:119,(anonymous_11)
FNF:12
FNH:11
FNDA:13,UsageTable
FNDA:10,(anonymous_1)
FNDA:27,(anonymous_2)
FNDA:10,(anonymous_3)
FNDA:27,(anonymous_4)
FNDA:27,(anonymous_5)
FNDA:0,(anonymous_6)
FNDA:13,(anonymous_7)
FNDA:3,(anonymous_8)
FNDA:24,(anonymous_9)
FNDA:3,(anonymous_10)
FNDA:36,(anonymous_11)
DA:32,13
DA:35,13
DA:36,27
DA:40,13
DA:42,10
DA:43,27
DA:45,10
DA:46,27
DA:48,10
DA:49,0
DA:50,0
DA:51,0
DA:57,13
DA:58,13
DA:61,13
DA:62,3
DA:65,13
DA:66,24
DA:67,24
DA:69,24
DA:73,3
DA:91,13
DA:92,1
DA:99,12
DA:120,36
LF:25
LH:22
BRDA:45,0,0,10
BRDA:45,0,1,10
BRDA:48,1,0,0
BRDA:48,1,1,10
BRDA:76,2,0,1
BRDA:76,2,1,23
BRDA:78,3,0,1
BRDA:78,3,1,22
BRDA:91,4,0,1
BRDA:91,4,1,12
BRDA:141,5,0,24
BRDA:141,5,1,12
BRDA:163,6,0,36
BRDA:163,6,1,0
BRF:14
BRH:12
end_of_record
TN:
SF:src/components/ui/ErrorMessage.tsx
FN:22,ErrorMessage
FNF:1
FNH:1
FNDA:6,ErrorMessage
DA:27,6
LF:1
LH:1
BRDA:23,0,0,5
BRDA:49,1,0,6
BRDA:49,1,1,2
BRF:3
BRH:3
end_of_record
TN:
SF:src/components/ui/LoadingSpinner.tsx
FN:13,LoadingSpinner
FNF:1
FNH:1
FNDA:4,LoadingSpinner
DA:17,4
LF:1
LH:1
BRDA:14,0,0,4
BRDA:15,1,0,2
BRDA:27,2,0,4
BRDA:27,2,1,4
BRF:4
BRH:4
end_of_record
TN:
SF:src/hooks/useUrlSortState.ts
FN:13,isValidColumn
FN:20,isValidDirection
FN:30,useUrlSortState
FN:34,(anonymous_3)
FN:40,(anonymous_4)
FN:47,(anonymous_5)
FN:52,(anonymous_6)
FN:53,(anonymous_7)
FN:61,(anonymous_8)
FN:62,(anonymous_9)
FN:70,(anonymous_10)
FN:71,(anonymous_11)
FN:73,(anonymous_12)
FN:82,(anonymous_13)
FN:87,(anonymous_14)
FN:96,(anonymous_15)
FNF:16
FNH:16
FNDA:2,isValidColumn
FNDA:2,isValidDirection
FNDA:13,useUrlSortState
FNDA:13,(anonymous_3)
FNDA:2,(anonymous_4)
FNDA:2,(anonymous_5)
FNDA:24,(anonymous_6)
FNDA:4,(anonymous_7)
FNDA:24,(anonymous_8)
FNDA:4,(anonymous_9)
FNDA:3,(anonymous_10)
FNDA:3,(anonymous_11)
FNDA:2,(anonymous_12)
FNDA:1,(anonymous_13)
FNDA:1,(anonymous_14)
FNDA:2,(anonymous_15)
DA:14,2
DA:21,2
DA:31,13
DA:34,13
DA:35,13
DA:36,13
DA:38,2
DA:41,2
DA:42,2
DA:43,2
DA:45,0
DA:47,2
DA:51,13
DA:53,24
DA:54,24
DA:60,13
DA:62,24
DA:63,24
DA:69,13
DA:71,3
DA:72,3
DA:73,3
DA:77,3
DA:79,1
DA:80,2
DA:82,1
DA:83,1
DA:87,1
DA:91,3
DA:92,1
DA:94,2
DA:96,2
DA:100,3
DA:106,13
LF:34
LH:33
BRDA:14,0,0,2
BRDA:14,0,1,2
BRDA:21,1,0,2
BRDA:21,1,1,1
BRDA:36,2,0,11
BRDA:36,2,1,2
BRDA:42,3,0,2
BRDA:42,3,1,0
BRDA:42,4,0,2
BRDA:42,4,1,2
BRDA:54,5,0,24
BRDA:54,5,1,22
BRDA:63,6,0,2
BRDA:63,6,1,22
BRDA:77,7,0,1
BRDA:77,7,1,2
BRDA:80,8,0,1
BRDA:80,8,1,1
BRDA:83,9,0,1
BRDA:83,9,1,0
BRDA:91,10,0,1
BRDA:91,10,1,2
BRF:22
BRH:20
end_of_record
TN:
SF:src/utils/chartDataTransform.ts
FN:20,transformToChartData
FN:26,(anonymous_1)
FN:61,calculateTotalCredits
FN:63,(anonymous_3)
FNF:4
FNH:4
FNDA:6,transformToChartData
FNDA:12,(anonymous_1)
FNDA:4,calculateTotalCredits
FNDA:7,(anonymous_3)
DA:21,6
DA:24,5
DA:26,5
DA:27,12
DA:28,12
DA:35,5
DA:36,5
DA:37,5
DA:40,5
DA:41,5
DA:43,5
DA:44,8
DA:46,8
DA:52,8
DA:55,5
DA:62,4
DA:63,7
LF:17
LH:17
BRDA:21,0,0,1
BRDA:21,0,1,5
BRDA:30,1,0,12
BRDA:30,1,1,7
BRDA:49,2,0,8
BRDA:49,2,1,1
BRF:6
BRH:6
end_of_record
TN:
SF:src/utils/dateFormatters.ts
FN:10,formatTimestamp
FN:25,extractUTCDate
FN:32,formatChartDate
FN:40,formatChartTooltipDate
FNF:4
FNH:4
FNDA:41,formatTimestamp
FNDA:15,extractUTCDate
FNDA:11,formatChartDate
FNDA:11,formatChartTooltipDate
DA:11,41
DA:13,41
DA:14,41
DA:15,41
DA:16,41
DA:17,41
DA:19,41
DA:26,15
DA:33,11
DA:34,11
DA:41,11
DA:42,11
LF:12
LH:12
BRF:0
BRH:0
end_of_record
TN:
SF:src/utils/sortUtils.ts
FN:16,sortUsageData
FN:24,(anonymous_1)
FN:30,(anonymous_2)
FNF:3
FNH:3
FNDA:21,sortUsageData
FNDA:24,(anonymous_1)
FNDA:49,(anonymous_2)
DA:22,21
DA:23,12
DA:25,24
DA:30,9
DA:32,49
DA:33,53
DA:34,53
DA:36,53
DA:38,21
DA:39,21
DA:40,21
DA:41,21
DA:43,21
DA:44,2
DA:45,19
DA:46,5
DA:47,5
DA:48,14
DA:49,2
DA:50,2
DA:52,12
DA:54,32
DA:55,32
DA:59,53
DA:60,45
DA:62,7
DA:64,38
DA:70,4
LF:28
LH:28
BRDA:22,0,0,12
BRDA:22,0,1,9
BRDA:25,1,0,24
BRDA:25,1,1,0
BRDA:26,2,0,24
BRDA:26,2,1,0
BRDA:36,3,0,21
BRDA:36,3,1,32
BRDA:38,4,0,21
BRDA:38,4,1,7
BRDA:39,5,0,21
BRDA:39,5,1,4
BRDA:43,6,0,2
BRDA:43,6,1,19
BRDA:43,7,0,21
BRDA:43,7,1,7
BRDA:45,8,0,5
BRDA:45,8,1,14
BRDA:48,9,0,2
BRDA:48,9,1,12
BRDA:54,10,0,32
BRDA:54,10,1,0
BRDA:59,11,0,45
BRDA:59,11,1,8
BRDA:60,12,0,7
BRDA:60,12,1,38
BRDA:64,13,0,23
BRDA:64,13,1,15
BRDA:71,14,0,4
BRDA:71,14,1,0
BRDA:72,15,0,4
BRDA:72,15,1,0
BRF:32
BRH:27
end_of_record
